Analysis & Synthesis report for ex8_top
Fri Dec 06 22:37:11 2019
Quartus Prime Version 18.1.0 Build 625 09/12/2018 SJ Standard Edition


---------------------
; Table of Contents ;
---------------------
  1. Legal Notice
  2. Analysis & Synthesis Summary
  3. Analysis & Synthesis Settings
  4. Parallel Compilation
  5. Analysis & Synthesis Source Files Read
  6. Analysis & Synthesis Resource Usage Summary
  7. Analysis & Synthesis Resource Utilization by Entity
  8. State Machine - |ex8_top|delay:d|state
  9. Registers Removed During Synthesis
 10. General Register Statistics
 11. Inverted Register Statistics
 12. Multiplexer Restructuring Statistics (Restructuring Performed)
 13. Parameter Settings for User Entity Instance: delay:d
 14. Port Connectivity Checks: "bin2bcd_16:b|add3_ge5:A31"
 15. Port Connectivity Checks: "bin2bcd_16:b|add3_ge5:A19"
 16. Port Connectivity Checks: "bin2bcd_16:b|add3_ge5:A10"
 17. Port Connectivity Checks: "bin2bcd_16:b|add3_ge5:A4"
 18. Port Connectivity Checks: "bin2bcd_16:b|add3_ge5:A1"
 19. Port Connectivity Checks: "bin2bcd_16:b"
 20. Post-Synthesis Netlist Statistics for Top Partition
 21. Elapsed Time Per Partition
 22. Analysis & Synthesis Messages
 23. Analysis & Synthesis Suppressed Messages



----------------
; Legal Notice ;
----------------
Copyright (C) 2018  Intel Corporation. All rights reserved.
Your use of Intel Corporation's design tools, logic functions 
and other software and tools, and its AMPP partner logic 
functions, and any output files from any of the foregoing 
(including device programming or simulation files), and any 
associated documentation or information are expressly subject 
to the terms and conditions of the Intel Program License 
Subscription Agreement, the Intel Quartus Prime License Agreement,
the Intel FPGA IP License Agreement, or other applicable license
agreement, including, without limitation, that your use is for
the sole purpose of programming logic devices manufactured by
Intel and sold by Intel or its authorized distributors.  Please
refer to the applicable agreement for further details.



+-----------------------------------------------------------------------------------+
; Analysis & Synthesis Summary                                                      ;
+---------------------------------+-------------------------------------------------+
; Analysis & Synthesis Status     ; Successful - Fri Dec 06 22:37:11 2019           ;
; Quartus Prime Version           ; 18.1.0 Build 625 09/12/2018 SJ Standard Edition ;
; Revision Name                   ; ex8_top                                         ;
; Top-level Entity Name           ; ex8_top                                         ;
; Family                          ; Cyclone V                                       ;
; Logic utilization (in ALMs)     ; N/A                                             ;
; Total registers                 ; 89                                              ;
; Total pins                      ; 50                                              ;
; Total virtual pins              ; 0                                               ;
; Total block memory bits         ; 0                                               ;
; Total DSP Blocks                ; 0                                               ;
; Total HSSI RX PCSs              ; 0                                               ;
; Total HSSI PMA RX Deserializers ; 0                                               ;
; Total HSSI TX PCSs              ; 0                                               ;
; Total HSSI PMA TX Serializers   ; 0                                               ;
; Total PLLs                      ; 0                                               ;
; Total DLLs                      ; 0                                               ;
+---------------------------------+-------------------------------------------------+


+---------------------------------------------------------------------------------------------------------------------------+
; Analysis & Synthesis Settings                                                                                             ;
+---------------------------------------------------------------------------------+--------------------+--------------------+
; Option                                                                          ; Setting            ; Default Value      ;
+---------------------------------------------------------------------------------+--------------------+--------------------+
; Device                                                                          ; 5CSEMA5F31C6       ;                    ;
; Top-level entity name                                                           ; ex8_top            ; ex8_top            ;
; Family name                                                                     ; Cyclone V          ; Cyclone V          ;
; Use smart compilation                                                           ; Off                ; Off                ;
; Enable parallel Assembler and Timing Analyzer during compilation                ; On                 ; On                 ;
; Enable compact report table                                                     ; Off                ; Off                ;
; Restructure Multiplexers                                                        ; Auto               ; Auto               ;
; MLAB Add Timing Constraints For Mixed-Port Feed-Through Mode Setting Don't Care ; Off                ; Off                ;
; Create Debugging Nodes for IP Cores                                             ; Off                ; Off                ;
; Preserve fewer node names                                                       ; On                 ; On                 ;
; Intel FPGA IP Evaluation Mode                                                   ; Enable             ; Enable             ;
; Verilog Version                                                                 ; Verilog_2001       ; Verilog_2001       ;
; VHDL Version                                                                    ; VHDL_1993          ; VHDL_1993          ;
; State Machine Processing                                                        ; Auto               ; Auto               ;
; Safe State Machine                                                              ; Off                ; Off                ;
; Extract Verilog State Machines                                                  ; On                 ; On                 ;
; Extract VHDL State Machines                                                     ; On                 ; On                 ;
; Ignore Verilog initial constructs                                               ; Off                ; Off                ;
; Iteration limit for constant Verilog loops                                      ; 5000               ; 5000               ;
; Iteration limit for non-constant Verilog loops                                  ; 250                ; 250                ;
; Add Pass-Through Logic to Inferred RAMs                                         ; On                 ; On                 ;
; Infer RAMs from Raw Logic                                                       ; On                 ; On                 ;
; Parallel Synthesis                                                              ; On                 ; On                 ;
; DSP Block Balancing                                                             ; Auto               ; Auto               ;
; NOT Gate Push-Back                                                              ; On                 ; On                 ;
; Power-Up Don't Care                                                             ; On                 ; On                 ;
; Remove Redundant Logic Cells                                                    ; Off                ; Off                ;
; Remove Duplicate Registers                                                      ; On                 ; On                 ;
; Ignore CARRY Buffers                                                            ; Off                ; Off                ;
; Ignore CASCADE Buffers                                                          ; Off                ; Off                ;
; Ignore GLOBAL Buffers                                                           ; Off                ; Off                ;
; Ignore ROW GLOBAL Buffers                                                       ; Off                ; Off                ;
; Ignore LCELL Buffers                                                            ; Off                ; Off                ;
; Ignore SOFT Buffers                                                             ; On                 ; On                 ;
; Limit AHDL Integers to 32 Bits                                                  ; Off                ; Off                ;
; Optimization Technique                                                          ; Balanced           ; Balanced           ;
; Carry Chain Length                                                              ; 70                 ; 70                 ;
; Auto Carry Chains                                                               ; On                 ; On                 ;
; Auto Open-Drain Pins                                                            ; On                 ; On                 ;
; Perform WYSIWYG Primitive Resynthesis                                           ; Off                ; Off                ;
; Auto ROM Replacement                                                            ; On                 ; On                 ;
; Auto RAM Replacement                                                            ; On                 ; On                 ;
; Auto DSP Block Replacement                                                      ; On                 ; On                 ;
; Auto Shift Register Replacement                                                 ; Auto               ; Auto               ;
; Allow Shift Register Merging across Hierarchies                                 ; Auto               ; Auto               ;
; Auto Clock Enable Replacement                                                   ; On                 ; On                 ;
; Strict RAM Replacement                                                          ; Off                ; Off                ;
; Allow Synchronous Control Signals                                               ; On                 ; On                 ;
; Force Use of Synchronous Clear Signals                                          ; Off                ; Off                ;
; Auto Resource Sharing                                                           ; Off                ; Off                ;
; Allow Any RAM Size For Recognition                                              ; Off                ; Off                ;
; Allow Any ROM Size For Recognition                                              ; Off                ; Off                ;
; Allow Any Shift Register Size For Recognition                                   ; Off                ; Off                ;
; Use LogicLock Constraints during Resource Balancing                             ; On                 ; On                 ;
; Ignore translate_off and synthesis_off directives                               ; Off                ; Off                ;
; Timing-Driven Synthesis                                                         ; On                 ; On                 ;
; Report Parameter Settings                                                       ; On                 ; On                 ;
; Report Source Assignments                                                       ; On                 ; On                 ;
; Report Connectivity Checks                                                      ; On                 ; On                 ;
; Ignore Maximum Fan-Out Assignments                                              ; Off                ; Off                ;
; Synchronization Register Chain Length                                           ; 3                  ; 3                  ;
; Power Optimization During Synthesis                                             ; Normal compilation ; Normal compilation ;
; HDL message level                                                               ; Level2             ; Level2             ;
; Suppress Register Optimization Related Messages                                 ; Off                ; Off                ;
; Number of Removed Registers Reported in Synthesis Report                        ; 5000               ; 5000               ;
; Number of Swept Nodes Reported in Synthesis Report                              ; 5000               ; 5000               ;
; Number of Inverted Registers Reported in Synthesis Report                       ; 100                ; 100                ;
; Clock MUX Protection                                                            ; On                 ; On                 ;
; Auto Gated Clock Conversion                                                     ; Off                ; Off                ;
; Block Design Naming                                                             ; Auto               ; Auto               ;
; SDC constraint protection                                                       ; Off                ; Off                ;
; Synthesis Effort                                                                ; Auto               ; Auto               ;
; Shift Register Replacement - Allow Asynchronous Clear Signal                    ; On                 ; On                 ;
; Pre-Mapping Resynthesis Optimization                                            ; Off                ; Off                ;
; Analysis & Synthesis Message Level                                              ; Medium             ; Medium             ;
; Disable Register Merging Across Hierarchies                                     ; Auto               ; Auto               ;
; Resource Aware Inference For Block RAM                                          ; On                 ; On                 ;
; Automatic Parallel Synthesis                                                    ; On                 ; On                 ;
; Partial Reconfiguration Bitstream ID                                            ; Off                ; Off                ;
+---------------------------------------------------------------------------------+--------------------+--------------------+


+------------------------------------------+
; Parallel Compilation                     ;
+----------------------------+-------------+
; Processors                 ; Number      ;
+----------------------------+-------------+
; Number detected on machine ; 8           ;
; Maximum allowed            ; 4           ;
;                            ;             ;
; Average used               ; 1.00        ;
; Maximum used               ; 4           ;
;                            ;             ;
; Usage by Processor         ; % Time Used ;
;     Processor 1            ; 100.0%      ;
;     Processors 2-4         ;   0.0%      ;
+----------------------------+-------------+


+----------------------------------------------------------------------------------------------------------------------+
; Analysis & Synthesis Source Files Read                                                                               ;
+----------------------------------+-----------------+------------------------+------------------------------+---------+
; File Name with User-Entered Path ; Used in Netlist ; File Type              ; File Name with Absolute Path ; Library ;
+----------------------------------+-----------------+------------------------+------------------------------+---------+
; ../../mylib/add3_ge5.v           ; yes             ; User Verilog HDL File  ; H:/VERI/mylib/add3_ge5.v     ;         ;
; fsm.v                            ; yes             ; User Verilog HDL File  ; H:/VERI/part_2/ex8/fsm.v     ;         ;
; ex8_top.v                        ; yes             ; User Verilog HDL File  ; H:/VERI/part_2/ex8/ex8_top.v ;         ;
; ../../mylib/hex_to_7seg.v        ; yes             ; User Verilog HDL File  ; H:/VERI/mylib/hex_to_7seg.v  ;         ;
; ../../mylib/bin2bcd_16.v         ; yes             ; User Verilog HDL File  ; H:/VERI/mylib/bin2bcd_16.v   ;         ;
; ../../mylib/tick_5000.v          ; yes             ; User Verilog HDL File  ; H:/VERI/mylib/tick_5000.v    ;         ;
; delay.v                          ; yes             ; User Verilog HDL File  ; H:/VERI/part_2/ex8/delay.v   ;         ;
; lfsr_14.v                        ; yes             ; User Verilog HDL File  ; H:/VERI/part_2/ex8/lfsr_14.v ;         ;
+----------------------------------+-----------------+------------------------+------------------------------+---------+


+------------------------------------------------------------------+
; Analysis & Synthesis Resource Usage Summary                      ;
+---------------------------------------------+--------------------+
; Resource                                    ; Usage              ;
+---------------------------------------------+--------------------+
; Estimate of Logic utilization (ALMs needed) ; 136                ;
;                                             ;                    ;
; Combinational ALUT usage for logic          ; 242                ;
;     -- 7 input functions                    ; 0                  ;
;     -- 6 input functions                    ; 29                 ;
;     -- 5 input functions                    ; 16                 ;
;     -- 4 input functions                    ; 115                ;
;     -- <=3 input functions                  ; 82                 ;
;                                             ;                    ;
; Dedicated logic registers                   ; 89                 ;
;                                             ;                    ;
; I/O pins                                    ; 50                 ;
;                                             ;                    ;
; Total DSP Blocks                            ; 0                  ;
;                                             ;                    ;
; Maximum fan-out node                        ; LFSR_14:l|sreg[13] ;
; Maximum fan-out                             ; 25                 ;
; Total fan-out                               ; 1262               ;
; Average fan-out                             ; 2.93               ;
+---------------------------------------------+--------------------+


+-------------------------------------------------------------------------------------------------------------------------------------------------------------------------------------------------------+
; Analysis & Synthesis Resource Utilization by Entity                                                                                                                                                   ;
+----------------------------+---------------------+---------------------------+-------------------+------------+------+--------------+------------------------------------+-------------+--------------+
; Compilation Hierarchy Node ; Combinational ALUTs ; Dedicated Logic Registers ; Block Memory Bits ; DSP Blocks ; Pins ; Virtual Pins ; Full Hierarchy Name                ; Entity Name ; Library Name ;
+----------------------------+---------------------+---------------------------+-------------------+------------+------+--------------+------------------------------------+-------------+--------------+
; |ex8_top                   ; 242 (3)             ; 89 (0)                    ; 0                 ; 0          ; 50   ; 0            ; |ex8_top                           ; ex8_top     ; work         ;
;    |LFSR_14:l|             ; 19 (19)             ; 14 (14)                   ; 0                 ; 0          ; 0    ; 0            ; |ex8_top|LFSR_14:l                 ; LFSR_14     ; work         ;
;    |bin2bcd_16:b|          ; 97 (0)              ; 0 (0)                     ; 0                 ; 0          ; 0    ; 0            ; |ex8_top|bin2bcd_16:b              ; bin2bcd_16  ; work         ;
;       |add3_ge5:A11|       ; 4 (4)               ; 0 (0)                     ; 0                 ; 0          ; 0    ; 0            ; |ex8_top|bin2bcd_16:b|add3_ge5:A11 ; add3_ge5    ; work         ;
;       |add3_ge5:A12|       ; 4 (4)               ; 0 (0)                     ; 0                 ; 0          ; 0    ; 0            ; |ex8_top|bin2bcd_16:b|add3_ge5:A12 ; add3_ge5    ; work         ;
;       |add3_ge5:A14|       ; 4 (4)               ; 0 (0)                     ; 0                 ; 0          ; 0    ; 0            ; |ex8_top|bin2bcd_16:b|add3_ge5:A14 ; add3_ge5    ; work         ;
;       |add3_ge5:A15|       ; 4 (4)               ; 0 (0)                     ; 0                 ; 0          ; 0    ; 0            ; |ex8_top|bin2bcd_16:b|add3_ge5:A15 ; add3_ge5    ; work         ;
;       |add3_ge5:A16|       ; 1 (1)               ; 0 (0)                     ; 0                 ; 0          ; 0    ; 0            ; |ex8_top|bin2bcd_16:b|add3_ge5:A16 ; add3_ge5    ; work         ;
;       |add3_ge5:A17|       ; 4 (4)               ; 0 (0)                     ; 0                 ; 0          ; 0    ; 0            ; |ex8_top|bin2bcd_16:b|add3_ge5:A17 ; add3_ge5    ; work         ;
;       |add3_ge5:A18|       ; 4 (4)               ; 0 (0)                     ; 0                 ; 0          ; 0    ; 0            ; |ex8_top|bin2bcd_16:b|add3_ge5:A18 ; add3_ge5    ; work         ;
;       |add3_ge5:A20|       ; 4 (4)               ; 0 (0)                     ; 0                 ; 0          ; 0    ; 0            ; |ex8_top|bin2bcd_16:b|add3_ge5:A20 ; add3_ge5    ; work         ;
;       |add3_ge5:A21|       ; 4 (4)               ; 0 (0)                     ; 0                 ; 0          ; 0    ; 0            ; |ex8_top|bin2bcd_16:b|add3_ge5:A21 ; add3_ge5    ; work         ;
;       |add3_ge5:A22|       ; 4 (4)               ; 0 (0)                     ; 0                 ; 0          ; 0    ; 0            ; |ex8_top|bin2bcd_16:b|add3_ge5:A22 ; add3_ge5    ; work         ;
;       |add3_ge5:A24|       ; 4 (4)               ; 0 (0)                     ; 0                 ; 0          ; 0    ; 0            ; |ex8_top|bin2bcd_16:b|add3_ge5:A24 ; add3_ge5    ; work         ;
;       |add3_ge5:A25|       ; 4 (4)               ; 0 (0)                     ; 0                 ; 0          ; 0    ; 0            ; |ex8_top|bin2bcd_16:b|add3_ge5:A25 ; add3_ge5    ; work         ;
;       |add3_ge5:A26|       ; 4 (4)               ; 0 (0)                     ; 0                 ; 0          ; 0    ; 0            ; |ex8_top|bin2bcd_16:b|add3_ge5:A26 ; add3_ge5    ; work         ;
;       |add3_ge5:A27|       ; 1 (1)               ; 0 (0)                     ; 0                 ; 0          ; 0    ; 0            ; |ex8_top|bin2bcd_16:b|add3_ge5:A27 ; add3_ge5    ; work         ;
;       |add3_ge5:A28|       ; 4 (4)               ; 0 (0)                     ; 0                 ; 0          ; 0    ; 0            ; |ex8_top|bin2bcd_16:b|add3_ge5:A28 ; add3_ge5    ; work         ;
;       |add3_ge5:A29|       ; 4 (4)               ; 0 (0)                     ; 0                 ; 0          ; 0    ; 0            ; |ex8_top|bin2bcd_16:b|add3_ge5:A29 ; add3_ge5    ; work         ;
;       |add3_ge5:A30|       ; 4 (4)               ; 0 (0)                     ; 0                 ; 0          ; 0    ; 0            ; |ex8_top|bin2bcd_16:b|add3_ge5:A30 ; add3_ge5    ; work         ;
;       |add3_ge5:A32|       ; 9 (9)               ; 0 (0)                     ; 0                 ; 0          ; 0    ; 0            ; |ex8_top|bin2bcd_16:b|add3_ge5:A32 ; add3_ge5    ; work         ;
;       |add3_ge5:A33|       ; 4 (4)               ; 0 (0)                     ; 0                 ; 0          ; 0    ; 0            ; |ex8_top|bin2bcd_16:b|add3_ge5:A33 ; add3_ge5    ; work         ;
;       |add3_ge5:A34|       ; 4 (4)               ; 0 (0)                     ; 0                 ; 0          ; 0    ; 0            ; |ex8_top|bin2bcd_16:b|add3_ge5:A34 ; add3_ge5    ; work         ;
;       |add3_ge5:A35|       ; 4 (4)               ; 0 (0)                     ; 0                 ; 0          ; 0    ; 0            ; |ex8_top|bin2bcd_16:b|add3_ge5:A35 ; add3_ge5    ; work         ;
;       |add3_ge5:A3|        ; 1 (1)               ; 0 (0)                     ; 0                 ; 0          ; 0    ; 0            ; |ex8_top|bin2bcd_16:b|add3_ge5:A3  ; add3_ge5    ; work         ;
;       |add3_ge5:A5|        ; 4 (4)               ; 0 (0)                     ; 0                 ; 0          ; 0    ; 0            ; |ex8_top|bin2bcd_16:b|add3_ge5:A5  ; add3_ge5    ; work         ;
;       |add3_ge5:A7|        ; 4 (4)               ; 0 (0)                     ; 0                 ; 0          ; 0    ; 0            ; |ex8_top|bin2bcd_16:b|add3_ge5:A7  ; add3_ge5    ; work         ;
;       |add3_ge5:A8|        ; 1 (1)               ; 0 (0)                     ; 0                 ; 0          ; 0    ; 0            ; |ex8_top|bin2bcd_16:b|add3_ge5:A8  ; add3_ge5    ; work         ;
;       |add3_ge5:A9|        ; 4 (4)               ; 0 (0)                     ; 0                 ; 0          ; 0    ; 0            ; |ex8_top|bin2bcd_16:b|add3_ge5:A9  ; add3_ge5    ; work         ;
;    |delay:d|               ; 34 (34)             ; 18 (18)                   ; 0                 ; 0          ; 0    ; 0            ; |ex8_top|delay:d                   ; delay       ; work         ;
;    |fsm:f|                 ; 18 (18)             ; 23 (23)                   ; 0                 ; 0          ; 0    ; 0            ; |ex8_top|fsm:f                     ; fsm         ; work         ;
;    |hex_to_7seg:SEG0|      ; 7 (7)               ; 0 (0)                     ; 0                 ; 0          ; 0    ; 0            ; |ex8_top|hex_to_7seg:SEG0          ; hex_to_7seg ; work         ;
;    |hex_to_7seg:SEG1|      ; 7 (7)               ; 0 (0)                     ; 0                 ; 0          ; 0    ; 0            ; |ex8_top|hex_to_7seg:SEG1          ; hex_to_7seg ; work         ;
;    |hex_to_7seg:SEG2|      ; 7 (7)               ; 0 (0)                     ; 0                 ; 0          ; 0    ; 0            ; |ex8_top|hex_to_7seg:SEG2          ; hex_to_7seg ; work         ;
;    |hex_to_7seg:SEG3|      ; 7 (7)               ; 0 (0)                     ; 0                 ; 0          ; 0    ; 0            ; |ex8_top|hex_to_7seg:SEG3          ; hex_to_7seg ; work         ;
;    |hex_to_7seg:SEG4|      ; 3 (3)               ; 0 (0)                     ; 0                 ; 0          ; 0    ; 0            ; |ex8_top|hex_to_7seg:SEG4          ; hex_to_7seg ; work         ;
;    |tick_50000:t1|         ; 20 (20)             ; 17 (17)                   ; 0                 ; 0          ; 0    ; 0            ; |ex8_top|tick_50000:t1             ; tick_50000  ; work         ;
;    |tick_500:t2|           ; 20 (20)             ; 17 (17)                   ; 0                 ; 0          ; 0    ; 0            ; |ex8_top|tick_500:t2               ; tick_500    ; work         ;
+----------------------------+---------------------+---------------------------+-------------------+------------+------+--------------+------------------------------------+-------------+--------------+
Note: For table entries with two numbers listed, the numbers in parentheses indicate the number of resources of the given type used by the specific entity alone. The numbers listed outside of parentheses indicate the total resources of the given type used by the specific entity and all of its sub-entities in the hierarchy.


Encoding Type:  One-Hot
+--------------------------------------------------------------------------------+
; State Machine - |ex8_top|delay:d|state                                         ;
+----------------+----------------+----------------+----------------+------------+
; Name           ; state.WAIT_LOW ; state.TIME_OUT ; state.COUNTING ; state.IDLE ;
+----------------+----------------+----------------+----------------+------------+
; state.IDLE     ; 0              ; 0              ; 0              ; 0          ;
; state.COUNTING ; 0              ; 0              ; 1              ; 1          ;
; state.TIME_OUT ; 0              ; 1              ; 0              ; 1          ;
; state.WAIT_LOW ; 1              ; 0              ; 0              ; 1          ;
+----------------+----------------+----------------+----------------+------------+


+------------------------------------------------------------+
; Registers Removed During Synthesis                         ;
+---------------------------------------+--------------------+
; Register name                         ; Reason for Removal ;
+---------------------------------------+--------------------+
; delay:d|state~5                       ; Lost fanout        ;
; delay:d|state~6                       ; Lost fanout        ;
; Total Number of Removed Registers = 2 ;                    ;
+---------------------------------------+--------------------+


+------------------------------------------------------+
; General Register Statistics                          ;
+----------------------------------------------+-------+
; Statistic                                    ; Value ;
+----------------------------------------------+-------+
; Total registers                              ; 89    ;
; Number of registers using Synchronous Clear  ; 40    ;
; Number of registers using Synchronous Load   ; 15    ;
; Number of registers using Asynchronous Clear ; 0     ;
; Number of registers using Asynchronous Load  ; 0     ;
; Number of registers using Clock Enable       ; 33    ;
; Number of registers using Preset             ; 0     ;
+----------------------------------------------+-------+


+--------------------------------------------------+
; Inverted Register Statistics                     ;
+----------------------------------------+---------+
; Inverted Register                      ; Fan out ;
+----------------------------------------+---------+
; LFSR_14:l|sreg[1]                      ; 11      ;
; fsm:f|counter[0]                       ; 3       ;
; fsm:f|en_lfsr                          ; 2       ;
; Total number of inverted registers = 3 ;         ;
+----------------------------------------+---------+


+------------------------------------------------------------------------------------------------------------------------------------------+
; Multiplexer Restructuring Statistics (Restructuring Performed)                                                                           ;
+--------------------+-----------+---------------+----------------------+------------------------+------------+----------------------------+
; Multiplexer Inputs ; Bus Width ; Baseline Area ; Area if Restructured ; Saving if Restructured ; Registered ; Example Multiplexer Output ;
+--------------------+-----------+---------------+----------------------+------------------------+------------+----------------------------+
; 3:1                ; 19 bits   ; 38 LEs        ; 0 LEs                ; 38 LEs                 ; Yes        ; |ex8_top|fsm:f|counter[8]  ;
; 7:1                ; 2 bits    ; 8 LEs         ; 6 LEs                ; 2 LEs                  ; No         ; |ex8_top|delay:d|Selector1 ;
; 7:1                ; 2 bits    ; 8 LEs         ; 4 LEs                ; 4 LEs                  ; No         ; |ex8_top|delay:d|Selector0 ;
+--------------------+-----------+---------------+----------------------+------------------------+------------+----------------------------+


+------------------------------------------------------+
; Parameter Settings for User Entity Instance: delay:d ;
+----------------+-------+-----------------------------+
; Parameter Name ; Value ; Type                        ;
+----------------+-------+-----------------------------+
; BIT_SZ         ; 14    ; Signed Integer              ;
; IDLE           ; 00    ; Unsigned Binary             ;
; COUNTING       ; 01    ; Unsigned Binary             ;
; TIME_OUT       ; 10    ; Unsigned Binary             ;
; WAIT_LOW       ; 11    ; Unsigned Binary             ;
+----------------+-------+-----------------------------+
Note: In order to hide this table in the UI and the text report file, please set the "Show Parameter Settings in Synthesis Report" option in "Analysis and Synthesis Settings -> More Settings" to "Off".


+-----------------------------------------------------------------------------------------------------------------+
; Port Connectivity Checks: "bin2bcd_16:b|add3_ge5:A31"                                                           ;
+-------+--------+----------+-------------------------------------------------------------------------------------+
; Port  ; Type   ; Severity ; Details                                                                             ;
+-------+--------+----------+-------------------------------------------------------------------------------------+
; iW[3] ; Input  ; Info     ; Stuck at GND                                                                        ;
; oA[3] ; Output ; Info     ; Connected to dangling logic. Logic that only feeds a dangling port will be removed. ;
+-------+--------+----------+-------------------------------------------------------------------------------------+


+-------------------------------------------------------+
; Port Connectivity Checks: "bin2bcd_16:b|add3_ge5:A19" ;
+-------+-------+----------+----------------------------+
; Port  ; Type  ; Severity ; Details                    ;
+-------+-------+----------+----------------------------+
; iW[3] ; Input ; Info     ; Stuck at GND               ;
+-------+-------+----------+----------------------------+


+-------------------------------------------------------+
; Port Connectivity Checks: "bin2bcd_16:b|add3_ge5:A10" ;
+-------+-------+----------+----------------------------+
; Port  ; Type  ; Severity ; Details                    ;
+-------+-------+----------+----------------------------+
; iW[3] ; Input ; Info     ; Stuck at GND               ;
+-------+-------+----------+----------------------------+


+------------------------------------------------------+
; Port Connectivity Checks: "bin2bcd_16:b|add3_ge5:A4" ;
+-------+-------+----------+---------------------------+
; Port  ; Type  ; Severity ; Details                   ;
+-------+-------+----------+---------------------------+
; iW[3] ; Input ; Info     ; Stuck at GND              ;
+-------+-------+----------+---------------------------+


+------------------------------------------------------+
; Port Connectivity Checks: "bin2bcd_16:b|add3_ge5:A1" ;
+-------+-------+----------+---------------------------+
; Port  ; Type  ; Severity ; Details                   ;
+-------+-------+----------+---------------------------+
; iW[3] ; Input ; Info     ; Stuck at GND              ;
+-------+-------+----------+---------------------------+


+---------------------------------------------+
; Port Connectivity Checks: "bin2bcd_16:b"    ;
+-----------+-------+----------+--------------+
; Port      ; Type  ; Severity ; Details      ;
+-----------+-------+----------+--------------+
; B[15..14] ; Input ; Info     ; Stuck at GND ;
+-----------+-------+----------+--------------+


+-----------------------------------------------------+
; Post-Synthesis Netlist Statistics for Top Partition ;
+-----------------------+-----------------------------+
; Type                  ; Count                       ;
+-----------------------+-----------------------------+
; arriav_ff             ; 89                          ;
;     ENA SCLR          ; 19                          ;
;     ENA SLD           ; 14                          ;
;     SCLR              ; 21                          ;
;     SLD               ; 1                           ;
;     plain             ; 34                          ;
; arriav_lcell_comb     ; 260                         ;
;     arith             ; 70                          ;
;         1 data inputs ; 60                          ;
;         2 data inputs ; 10                          ;
;     normal            ; 190                         ;
;         0 data inputs ; 1                           ;
;         1 data inputs ; 19                          ;
;         2 data inputs ; 3                           ;
;         3 data inputs ; 7                           ;
;         4 data inputs ; 115                         ;
;         5 data inputs ; 16                          ;
;         6 data inputs ; 29                          ;
; boundary_port         ; 50                          ;
;                       ;                             ;
; Max LUT depth         ; 13.00                       ;
; Average LUT depth     ; 5.71                        ;
+-----------------------+-----------------------------+


+-------------------------------+
; Elapsed Time Per Partition    ;
+----------------+--------------+
; Partition Name ; Elapsed Time ;
+----------------+--------------+
; Top            ; 00:00:01     ;
+----------------+--------------+


+-------------------------------+
; Analysis & Synthesis Messages ;
+-------------------------------+
Info: *******************************************************************
Info: Running Quartus Prime Analysis & Synthesis
    Info: Version 18.1.0 Build 625 09/12/2018 SJ Standard Edition
    Info: Processing started: Fri Dec 06 22:36:58 2019
Info: Command: quartus_map --read_settings_files=on --write_settings_files=off ex8 -c ex8_top
Warning (18236): Number of processors has not been specified which may cause overloading on shared machines.  Set the global assignment NUM_PARALLEL_PROCESSORS in your QSF to an appropriate value for best performance.
Info (20030): Parallel compilation is enabled and will use 4 of the 4 processors detected
Info (12021): Found 1 design units, including 1 entities, in source file /veri/mylib/add3_ge5.v
    Info (12023): Found entity 1: add3_ge5 File: H:/VERI/mylib/add3_ge5.v Line: 9
Info (12021): Found 1 design units, including 1 entities, in source file fsm.v
    Info (12023): Found entity 1: fsm File: H:/VERI/part_2/ex8/fsm.v Line: 1
Info (12021): Found 1 design units, including 1 entities, in source file ex8_top.v
    Info (12023): Found entity 1: ex8_top File: H:/VERI/part_2/ex8/ex8_top.v Line: 1
Info (12021): Found 1 design units, including 1 entities, in source file /veri/mylib/lfsr_7.v
    Info (12023): Found entity 1: LFSR_7 File: H:/VERI/mylib/LFSR_7.v Line: 1
Info (12021): Found 1 design units, including 1 entities, in source file /veri/mylib/hex_to_7seg.v
    Info (12023): Found entity 1: hex_to_7seg File: H:/VERI/mylib/hex_to_7seg.v Line: 1
Info (12021): Found 1 design units, including 1 entities, in source file /veri/mylib/bin2bcd_16.v
    Info (12023): Found entity 1: bin2bcd_16 File: H:/VERI/mylib/bin2bcd_16.v Line: 12
Info (12021): Found 1 design units, including 1 entities, in source file /veri/mylib/bin2bcd_8.v
    Info (12023): Found entity 1: bin2bcd8 File: H:/VERI/mylib/bin2bcd_8.v Line: 12
Info (12021): Found 3 design units, including 3 entities, in source file /veri/mylib/tick_5000.v
    Info (12023): Found entity 1: tick_50000 File: H:/VERI/mylib/tick_5000.v Line: 1
    Info (12023): Found entity 2: tick_5000 File: H:/VERI/mylib/tick_5000.v Line: 25
    Info (12023): Found entity 3: tick_500 File: H:/VERI/mylib/tick_5000.v Line: 48
Info (12021): Found 1 design units, including 1 entities, in source file delay.v
    Info (12023): Found entity 1: delay File: H:/VERI/part_2/ex8/delay.v Line: 31
Info (12021): Found 1 design units, including 1 entities, in source file lfsr_14.v
    Info (12023): Found entity 1: LFSR_14 File: H:/VERI/part_2/ex8/lfsr_14.v Line: 1
Info (12127): Elaborating entity "ex8_top" for the top level hierarchy
Info (12128): Elaborating entity "tick_50000" for hierarchy "tick_50000:t1" File: H:/VERI/part_2/ex8/ex8_top.v Line: 36
Warning (10230): Verilog HDL assignment warning at tick_5000.v(20): truncated value with size 32 to match size of target (16) File: H:/VERI/mylib/tick_5000.v Line: 20
Info (12128): Elaborating entity "tick_500" for hierarchy "tick_500:t2" File: H:/VERI/part_2/ex8/ex8_top.v Line: 41
Warning (10230): Verilog HDL assignment warning at tick_5000.v(67): truncated value with size 32 to match size of target (16) File: H:/VERI/mylib/tick_5000.v Line: 67
Info (12128): Elaborating entity "fsm" for hierarchy "fsm:f" File: H:/VERI/part_2/ex8/ex8_top.v Line: 52
Info (12128): Elaborating entity "LFSR_14" for hierarchy "LFSR_14:l" File: H:/VERI/part_2/ex8/ex8_top.v Line: 59
Warning (10230): Verilog HDL assignment warning at lfsr_14.v(13): truncated value with size 32 to match size of target (14) File: H:/VERI/part_2/ex8/lfsr_14.v Line: 13
Info (12128): Elaborating entity "delay" for hierarchy "delay:d" File: H:/VERI/part_2/ex8/ex8_top.v Line: 66
Warning (10855): Verilog HDL warning at delay.v(52): initial value for variable count should be constant File: H:/VERI/part_2/ex8/delay.v Line: 52
Info (12128): Elaborating entity "bin2bcd_16" for hierarchy "bin2bcd_16:b" File: H:/VERI/part_2/ex8/ex8_top.v Line: 75
Info (12128): Elaborating entity "add3_ge5" for hierarchy "bin2bcd_16:b|add3_ge5:A1" File: H:/VERI/mylib/bin2bcd_16.v Line: 26
Info (12128): Elaborating entity "hex_to_7seg" for hierarchy "hex_to_7seg:SEG0" File: H:/VERI/part_2/ex8/ex8_top.v Line: 77
Warning (13024): Output pins are stuck at VCC or GND
    Warning (13410): Pin "HEX4[1]" is stuck at GND File: H:/VERI/part_2/ex8/ex8_top.v Line: 19
Info (286030): Timing-Driven Synthesis is running
Info (17049): 2 registers lost all their fanouts during netlist optimizations.
Info (144001): Generated suppressed messages file H:/VERI/part_2/ex8/output_files/ex8_top.map.smsg
Info (16010): Generating hard_block partition "hard_block:auto_generated_inst"
    Info (16011): Adding 0 node(s), including 0 DDIO, 0 PLL, 0 transceiver and 0 LCELL
Warning (21074): Design contains 3 input pin(s) that do not drive logic
    Warning (15610): No output dependent on input pin "KEY[0]" File: H:/VERI/part_2/ex8/ex8_top.v Line: 13
    Warning (15610): No output dependent on input pin "KEY[1]" File: H:/VERI/part_2/ex8/ex8_top.v Line: 13
    Warning (15610): No output dependent on input pin "KEY[2]" File: H:/VERI/part_2/ex8/ex8_top.v Line: 13
Info (21057): Implemented 302 device resources after synthesis - the final resource count might be different
    Info (21058): Implemented 5 input pins
    Info (21059): Implemented 45 output pins
    Info (21061): Implemented 252 logic cells
Info: Quartus Prime Analysis & Synthesis was successful. 0 errors, 11 warnings
    Info: Peak virtual memory: 4858 megabytes
    Info: Processing ended: Fri Dec 06 22:37:11 2019
    Info: Elapsed time: 00:00:13
    Info: Total CPU time (on all processors): 00:00:22


+------------------------------------------+
; Analysis & Synthesis Suppressed Messages ;
+------------------------------------------+
The suppressed messages can be found in H:/VERI/part_2/ex8/output_files/ex8_top.map.smsg.


